<?xml version="1.0" encoding="UTF-8"?>
<robot generator="Robot 5.0 (Python 3.10.4 on win32)" generated="20220410 14:53:15.395" rpa="false" schemaversion="3">
<suite id="s1" name="TimeoutTests" source="C:\Users\EGNUASN\PycharmProjects\RobotFramework\TestCases\TimeoutTests.robot">
<test id="s1-t1" name="RegTest" line="6">
<kw name="Open Browser" library="SeleniumLibrary">
<arg>http://demowebshop.tricentis.com/register</arg>
<arg>chrome</arg>
<doc>Opens a new browser instance to the optional ``url``.</doc>
<msg timestamp="20220410 14:53:15.649" level="INFO">Opening browser 'chrome' to base url 'http://demowebshop.tricentis.com/register'.</msg>
<status status="PASS" starttime="20220410 14:53:15.649" endtime="20220410 14:53:19.180"/>
</kw>
<kw name="Maximize Browser Window" library="SeleniumLibrary">
<doc>Maximizes current browser window.</doc>
<status status="PASS" starttime="20220410 14:53:19.181" endtime="20220410 14:53:19.308"/>
</kw>
<kw name="Wait Until Page Contains" library="SeleniumLibrary">
<arg>Register</arg>
<doc>Waits until ``text`` appears on the current page.</doc>
<status status="PASS" starttime="20220410 14:53:19.308" endtime="20220410 14:53:19.324"/>
</kw>
<kw name="Select Radio Button" library="SeleniumLibrary">
<arg>Gender</arg>
<arg>M</arg>
<doc>Sets the radio button group ``group_name`` to ``value``.</doc>
<msg timestamp="20220410 14:53:19.324" level="INFO">Selecting 'M' from radio button 'Gender'.</msg>
<status status="PASS" starttime="20220410 14:53:19.324" endtime="20220410 14:53:19.402"/>
</kw>
<kw name="Input Text" library="SeleniumLibrary">
<arg>name:FirstName</arg>
<arg>Guney</arg>
<doc>Types the given ``text`` into the text field identified by ``locator``.</doc>
<msg timestamp="20220410 14:53:19.403" level="INFO">Typing text 'Guney' into text field 'name:FirstName'.</msg>
<status status="PASS" starttime="20220410 14:53:19.403" endtime="20220410 14:53:19.489"/>
</kw>
<kw name="Input Text" library="SeleniumLibrary">
<arg>name:LastName</arg>
<arg>sanli</arg>
<doc>Types the given ``text`` into the text field identified by ``locator``.</doc>
<msg timestamp="20220410 14:53:19.492" level="INFO">Typing text 'sanli' into text field 'name:LastName'.</msg>
<status status="PASS" starttime="20220410 14:53:19.489" endtime="20220410 14:53:19.579"/>
</kw>
<kw name="Input Text" library="SeleniumLibrary">
<arg>name:Email</arg>
<arg>guney@gmail.com</arg>
<doc>Types the given ``text`` into the text field identified by ``locator``.</doc>
<msg timestamp="20220410 14:53:19.580" level="INFO">Typing text 'guney@gmail.com' into text field 'name:Email'.</msg>
<status status="PASS" starttime="20220410 14:53:19.580" endtime="20220410 14:53:19.680"/>
</kw>
<kw name="Input Text" library="SeleniumLibrary">
<arg>name:Password</arg>
<arg>guneyguney</arg>
<doc>Types the given ``text`` into the text field identified by ``locator``.</doc>
<msg timestamp="20220410 14:53:19.681" level="INFO">Typing text 'guneyguney' into text field 'name:Password'.</msg>
<status status="PASS" starttime="20220410 14:53:19.680" endtime="20220410 14:53:19.770"/>
</kw>
<kw name="Input Text" library="SeleniumLibrary">
<arg>name:ConfirmPassword</arg>
<arg>guneyguney</arg>
<doc>Types the given ``text`` into the text field identified by ``locator``.</doc>
<msg timestamp="20220410 14:53:19.771" level="INFO">Typing text 'guneyguney' into text field 'name:ConfirmPassword'.</msg>
<status status="PASS" starttime="20220410 14:53:19.771" endtime="20220410 14:53:19.859"/>
</kw>
<kw name="Close Browser" library="SeleniumLibrary">
<doc>Closes the current browser.</doc>
<status status="PASS" starttime="20220410 14:53:19.859" endtime="20220410 14:53:22.522"/>
</kw>
<status status="PASS" starttime="20220410 14:53:15.649" endtime="20220410 14:53:22.522"/>
</test>
<status status="PASS" starttime="20220410 14:53:15.395" endtime="20220410 14:53:22.522"/>
</suite>
<statistics>
<total>
<stat pass="1" fail="0" skip="0">All Tests</stat>
</total>
<tag>
</tag>
<suite>
<stat pass="1" fail="0" skip="0" id="s1" name="TimeoutTests">TimeoutTests</stat>
</suite>
</statistics>
<errors>
</errors>
</robot>
