<?xml version="1.0" encoding="UTF-8"?>
<robot generator="Robot 5.0 (Python 3.10.4 on win32)" generated="20220411 13:55:58.748" rpa="false" schemaversion="3">
<suite id="s1" name="NavigationalKeywords" source="C:\Users\EGNUASN\PycharmProjects\RobotFramework\TestCases\NavigationalKeywords.robot">
<test id="s1-t1" name="NavigationTest" line="5">
<kw name="Open Browser" library="SeleniumLibrary">
<arg>https://www.google.com/</arg>
<arg>chrome</arg>
<doc>Opens a new browser instance to the optional ``url``.</doc>
<msg timestamp="20220411 13:55:58.995" level="INFO">Opening browser 'chrome' to base url 'https://www.google.com/'.</msg>
<status status="PASS" starttime="20220411 13:55:58.995" endtime="20220411 13:56:02.214"/>
</kw>
<kw name="Get Location" library="SeleniumLibrary">
<var>${loc}</var>
<doc>Returns the current browser window URL.</doc>
<msg timestamp="20220411 13:56:02.220" level="INFO">${loc} = https://www.google.com/</msg>
<status status="PASS" starttime="20220411 13:56:02.214" endtime="20220411 13:56:02.220"/>
</kw>
<kw name="Log To Console" library="BuiltIn">
<arg>${loc}</arg>
<doc>Logs the given message to the console.</doc>
<status status="PASS" starttime="20220411 13:56:02.221" endtime="20220411 13:56:02.221"/>
</kw>
<kw name="Sleep" library="BuiltIn">
<arg>2</arg>
<doc>Pauses the test executed for the given time.</doc>
<msg timestamp="20220411 13:56:04.228" level="INFO">Slept 2 seconds</msg>
<status status="PASS" starttime="20220411 13:56:02.222" endtime="20220411 13:56:04.228"/>
</kw>
<kw name="Go To" library="SeleniumLibrary">
<arg>https://www.bing.com/</arg>
<doc>Navigates the current browser window to the provided ``url``.</doc>
<msg timestamp="20220411 13:56:04.228" level="INFO">Opening url 'https://www.bing.com/'</msg>
<status status="PASS" starttime="20220411 13:56:04.228" endtime="20220411 13:56:05.144"/>
</kw>
<kw name="Get Location" library="SeleniumLibrary">
<var>${loc}</var>
<doc>Returns the current browser window URL.</doc>
<msg timestamp="20220411 13:56:05.152" level="INFO">${loc} = https://www.bing.com/</msg>
<status status="PASS" starttime="20220411 13:56:05.144" endtime="20220411 13:56:05.152"/>
</kw>
<kw name="Log To Console" library="BuiltIn">
<arg>${loc}</arg>
<doc>Logs the given message to the console.</doc>
<status status="PASS" starttime="20220411 13:56:05.153" endtime="20220411 13:56:05.154"/>
</kw>
<kw name="Sleep" library="BuiltIn">
<arg>2</arg>
<doc>Pauses the test executed for the given time.</doc>
<msg timestamp="20220411 13:56:07.158" level="INFO">Slept 2 seconds</msg>
<status status="PASS" starttime="20220411 13:56:05.156" endtime="20220411 13:56:07.158"/>
</kw>
<kw name="Go Back" library="SeleniumLibrary">
<doc>Simulates the user clicking the back button on their browser.</doc>
<status status="PASS" starttime="20220411 13:56:07.158" endtime="20220411 13:56:07.221"/>
</kw>
<kw name="Get Location" library="SeleniumLibrary">
<var>${loc}</var>
<doc>Returns the current browser window URL.</doc>
<msg timestamp="20220411 13:56:07.230" level="INFO">${loc} = https://www.google.com/</msg>
<status status="PASS" starttime="20220411 13:56:07.224" endtime="20220411 13:56:07.231"/>
</kw>
<kw name="Log To Console" library="BuiltIn">
<arg>${loc}</arg>
<doc>Logs the given message to the console.</doc>
<status status="PASS" starttime="20220411 13:56:07.231" endtime="20220411 13:56:07.232"/>
</kw>
<kw name="Sleep" library="BuiltIn">
<arg>2</arg>
<doc>Pauses the test executed for the given time.</doc>
<msg timestamp="20220411 13:56:09.237" level="INFO">Slept 2 seconds</msg>
<status status="PASS" starttime="20220411 13:56:07.232" endtime="20220411 13:56:09.237"/>
</kw>
<kw name="Close All Browsers" library="SeleniumLibrary">
<doc>Closes all open browsers and resets the browser cache.</doc>
<status status="PASS" starttime="20220411 13:56:09.237" endtime="20220411 13:56:11.939"/>
</kw>
<status status="PASS" starttime="20220411 13:55:58.995" endtime="20220411 13:56:11.939"/>
</test>
<status status="PASS" starttime="20220411 13:55:58.748" endtime="20220411 13:56:11.939"/>
</suite>
<statistics>
<total>
<stat pass="1" fail="0" skip="0">All Tests</stat>
</total>
<tag>
</tag>
<suite>
<stat pass="1" fail="0" skip="0" id="s1" name="NavigationalKeywords">NavigationalKeywords</stat>
</suite>
</statistics>
<errors>
</errors>
</robot>
