<?xml version="1.0" encoding="UTF-8"?>
<robot generator="Robot 5.0 (Python 3.10.4 on win32)" generated="20220411 11:58:38.155" rpa="false" schemaversion="3">
<suite id="s1" name="Alerts" source="C:\Users\EGNUASN\PycharmProjects\RobotFramework\TestCases\Alerts.robot">
<test id="s1-t1" name="HandlingAlerts" line="5">
<kw name="Open Browser" library="SeleniumLibrary">
<arg>https://testautomationpractice.blogspot.com/</arg>
<arg>chrome</arg>
<doc>Opens a new browser instance to the optional ``url``.</doc>
<msg timestamp="20220411 11:58:38.426" level="INFO">Opening browser 'chrome' to base url 'https://testautomationpractice.blogspot.com/'.</msg>
<status status="PASS" starttime="20220411 11:58:38.426" endtime="20220411 11:58:43.255"/>
</kw>
<kw name="Maximize Browser Window" library="SeleniumLibrary">
<doc>Maximizes current browser window.</doc>
<status status="PASS" starttime="20220411 11:58:43.256" endtime="20220411 11:58:43.386"/>
</kw>
<kw name="Click Element" library="SeleniumLibrary">
<arg>xpath://*[@id="HTML9"]/div[1]/button</arg>
<doc>Click the element identified by ``locator``.</doc>
<msg timestamp="20220411 11:58:43.389" level="INFO">Clicking element 'xpath://*[@id="HTML9"]/div[1]/button'.</msg>
<status status="PASS" starttime="20220411 11:58:43.388" endtime="20220411 11:58:43.463"/>
</kw>
<kw name="Sleep" library="BuiltIn">
<arg>3</arg>
<doc>Pauses the test executed for the given time.</doc>
<msg timestamp="20220411 11:58:46.480" level="INFO">Slept 3 seconds</msg>
<status status="PASS" starttime="20220411 11:58:43.464" endtime="20220411 11:58:46.480"/>
</kw>
<kw name="Alert Should Be Present" library="SeleniumLibrary">
<arg>Press a button!</arg>
<doc>Verifies that an alert is present and by default, accepts it.</doc>
<msg timestamp="20220411 11:58:46.481" level="INFO">HANDLE::&lt;class 'NoneType'&gt;::None</msg>
<status status="PASS" starttime="20220411 11:58:46.481" endtime="20220411 11:58:46.486"/>
</kw>
<kw name="Close All Browsers" library="SeleniumLibrary">
<doc>Closes all open browsers and resets the browser cache.</doc>
<status status="PASS" starttime="20220411 11:58:46.486" endtime="20220411 11:58:49.164"/>
</kw>
<status status="PASS" starttime="20220411 11:58:38.425" endtime="20220411 11:58:49.165"/>
</test>
<status status="PASS" starttime="20220411 11:58:38.157" endtime="20220411 11:58:49.167"/>
</suite>
<statistics>
<total>
<stat pass="1" fail="0" skip="0">All Tests</stat>
</total>
<tag>
</tag>
<suite>
<stat pass="1" fail="0" skip="0" id="s1" name="Alerts">Alerts</stat>
</suite>
</statistics>
<errors>
</errors>
</robot>
