<?xml version="1.0" encoding="UTF-8"?>
<robot generator="Robot 5.0 (Python 3.10.4 on win32)" generated="20220411 14:13:56.780" rpa="false" schemaversion="3">
<suite id="s1" name="CaptureScreen" source="C:\Users\EGNUASN\PycharmProjects\RobotFramework\TestCases\CaptureScreen.robot">
<test id="s1-t1" name="LoginTC" line="5">
<kw name="Open Browser" library="SeleniumLibrary">
<arg>https://opensource-demo.orangehrmlive.com/</arg>
<arg>chrome</arg>
<doc>Opens a new browser instance to the optional ``url``.</doc>
<msg timestamp="20220411 14:13:57.028" level="INFO">Opening browser 'chrome' to base url 'https://opensource-demo.orangehrmlive.com/'.</msg>
<status status="PASS" starttime="20220411 14:13:57.028" endtime="20220411 14:14:01.308"/>
</kw>
<kw name="Maximize Browser Window" library="SeleniumLibrary">
<doc>Maximizes current browser window.</doc>
<status status="PASS" starttime="20220411 14:14:01.308" endtime="20220411 14:14:01.442"/>
</kw>
<kw name="Input Text" library="SeleniumLibrary">
<arg>id:txtUsername</arg>
<arg>admin</arg>
<doc>Types the given ``text`` into the text field identified by ``locator``.</doc>
<msg timestamp="20220411 14:14:01.442" level="INFO">Typing text 'admin' into text field 'id:txtUsername'.</msg>
<status status="PASS" starttime="20220411 14:14:01.442" endtime="20220411 14:14:01.563"/>
</kw>
<kw name="Input Text" library="SeleniumLibrary">
<arg>id:txtPassword</arg>
<arg>admin123</arg>
<doc>Types the given ``text`` into the text field identified by ``locator``.</doc>
<msg timestamp="20220411 14:14:01.564" level="INFO">Typing text 'admin123' into text field 'id:txtPassword'.</msg>
<status status="PASS" starttime="20220411 14:14:01.564" endtime="20220411 14:14:01.649"/>
</kw>
<kw name="Capture Element Screenshot" library="SeleniumLibrary">
<arg>xpath://*[@id="divLogo"]/img</arg>
<arg>Logo.png</arg>
<doc>Captures a screenshot from the element identified by ``locator`` and embeds it into log file.</doc>
<msg timestamp="20220411 14:14:01.737" level="INFO" html="true">&lt;/td&gt;&lt;/tr&gt;&lt;tr&gt;&lt;td colspan="3"&gt;&lt;a href="Logo.png"&gt;&lt;img src="Logo.png" width="400px"&gt;&lt;/a&gt;</msg>
<status status="PASS" starttime="20220411 14:14:01.649" endtime="20220411 14:14:01.737"/>
</kw>
<kw name="Capture Page Screenshot" library="SeleniumLibrary">
<arg>LoginTC.png</arg>
<doc>Takes a screenshot of the current page and embeds it into a log file.</doc>
<msg timestamp="20220411 14:14:01.986" level="INFO" html="true">&lt;/td&gt;&lt;/tr&gt;&lt;tr&gt;&lt;td colspan="3"&gt;&lt;a href="LoginTC.png"&gt;&lt;img src="LoginTC.png" width="800px"&gt;&lt;/a&gt;</msg>
<status status="PASS" starttime="20220411 14:14:01.738" endtime="20220411 14:14:01.986"/>
</kw>
<kw name="Close Browser" library="SeleniumLibrary">
<doc>Closes the current browser.</doc>
<status status="PASS" starttime="20220411 14:14:01.986" endtime="20220411 14:14:04.697"/>
</kw>
<status status="PASS" starttime="20220411 14:13:57.028" endtime="20220411 14:14:04.697"/>
</test>
<status status="PASS" starttime="20220411 14:13:56.780" endtime="20220411 14:14:04.697"/>
</suite>
<statistics>
<total>
<stat pass="1" fail="0" skip="0">All Tests</stat>
</total>
<tag>
</tag>
<suite>
<stat pass="1" fail="0" skip="0" id="s1" name="CaptureScreen">CaptureScreen</stat>
</suite>
</statistics>
<errors>
</errors>
</robot>
