<?xml version="1.0" encoding="UTF-8"?>
<robot generator="Robot 5.0 (Python 3.10.4 on win32)" generated="20220414 12:28:46.358" rpa="false" schemaversion="3">
<suite id="s1" name="RegistrationTest" source="C:\Users\EGNUASN\PycharmProjects\RobotFramework\TestCases\RegistrationTest.robot">
<test id="s1-t1" name="Registration Test" line="11">
<kw name="Open my Browser" library="RegistrationKeywords">
<arg>${SiteUrl}</arg>
<arg>${Browser}</arg>
<kw name="Open Browser" library="SeleniumLibrary">
<arg>${siteUrl}</arg>
<arg>${Browser}</arg>
<doc>Opens a new browser instance to the optional ``url``.</doc>
<msg timestamp="20220414 12:28:46.643" level="INFO">Opening browser 'chrome' to base url 'https://demo.guru99.com/test/newtours/'.</msg>
<status status="PASS" starttime="20220414 12:28:46.627" endtime="20220414 12:28:52.100"/>
</kw>
<kw name="Maximize Browser Window" library="SeleniumLibrary">
<doc>Maximizes current browser window.</doc>
<status status="PASS" starttime="20220414 12:28:52.100" endtime="20220414 12:28:52.223"/>
</kw>
<status status="PASS" starttime="20220414 12:28:46.627" endtime="20220414 12:28:52.223"/>
</kw>
<kw name="Click Register Link" library="RegistrationKeywords">
<kw name="Click Link" library="SeleniumLibrary">
<arg>${link_Reg}</arg>
<doc>Clicks a link identified by ``locator``.</doc>
<msg timestamp="20220414 12:28:52.223" level="INFO">Clicking link 'link:REGISTER'.</msg>
<status status="PASS" starttime="20220414 12:28:52.223" endtime="20220414 12:28:53.381"/>
</kw>
<status status="PASS" starttime="20220414 12:28:52.223" endtime="20220414 12:28:53.381"/>
</kw>
<kw name="Enter FirstName" library="RegistrationKeywords">
<arg>David</arg>
<kw name="Input Text" library="SeleniumLibrary">
<arg>${txt_firstname}</arg>
<arg>${firstName}</arg>
<doc>Types the given ``text`` into the text field identified by ``locator``.</doc>
<msg timestamp="20220414 12:28:53.384" level="INFO">Typing text 'David' into text field 'name:firstName'.</msg>
<status status="PASS" starttime="20220414 12:28:53.383" endtime="20220414 12:28:53.551"/>
</kw>
<status status="PASS" starttime="20220414 12:28:53.382" endtime="20220414 12:28:53.551"/>
</kw>
<kw name="Enter LastName" library="RegistrationKeywords">
<arg>John</arg>
<kw name="Input Text" library="SeleniumLibrary">
<arg>${txt_lastName}</arg>
<arg>${lastName}</arg>
<doc>Types the given ``text`` into the text field identified by ``locator``.</doc>
<msg timestamp="20220414 12:28:53.553" level="INFO">Typing text 'John' into text field 'name:lastName'.</msg>
<status status="PASS" starttime="20220414 12:28:53.552" endtime="20220414 12:28:53.772"/>
</kw>
<status status="PASS" starttime="20220414 12:28:53.552" endtime="20220414 12:28:53.772"/>
</kw>
<kw name="Enter Phone" library="RegistrationKeywords">
<arg>1223445566</arg>
<kw name="Input Text" library="SeleniumLibrary">
<arg>${txt_phone}</arg>
<arg>${phone}</arg>
<doc>Types the given ``text`` into the text field identified by ``locator``.</doc>
<msg timestamp="20220414 12:28:53.773" level="INFO">Typing text '1223445566' into text field 'name:phone'.</msg>
<status status="PASS" starttime="20220414 12:28:53.773" endtime="20220414 12:28:53.867"/>
</kw>
<status status="PASS" starttime="20220414 12:28:53.773" endtime="20220414 12:28:53.867"/>
</kw>
<kw name="Enter Email" library="RegistrationKeywords">
<arg>david@gmail.com</arg>
<kw name="Input Text" library="SeleniumLibrary">
<arg>${txt_email}</arg>
<arg>${email}</arg>
<doc>Types the given ``text`` into the text field identified by ``locator``.</doc>
<msg timestamp="20220414 12:28:53.868" level="INFO">Typing text 'david@gmail.com' into text field 'name:userName'.</msg>
<status status="PASS" starttime="20220414 12:28:53.868" endtime="20220414 12:28:53.977"/>
</kw>
<status status="PASS" starttime="20220414 12:28:53.868" endtime="20220414 12:28:53.977"/>
</kw>
<kw name="Enter Address1" library="RegistrationKeywords">
<arg>Toronto</arg>
<kw name="Input Text" library="SeleniumLibrary">
<arg>${txt_add1}</arg>
<arg>${add1}</arg>
<doc>Types the given ``text`` into the text field identified by ``locator``.</doc>
<msg timestamp="20220414 12:28:53.979" level="INFO">Typing text 'Toronto' into text field 'name:address1'.</msg>
<status status="PASS" starttime="20220414 12:28:53.978" endtime="20220414 12:28:54.070"/>
</kw>
<status status="PASS" starttime="20220414 12:28:53.978" endtime="20220414 12:28:54.070"/>
</kw>
<kw name="Enter City" library="RegistrationKeywords">
<arg>Toronto</arg>
<kw name="Input Text" library="SeleniumLibrary">
<arg>${txt_city}</arg>
<arg>${city}</arg>
<doc>Types the given ``text`` into the text field identified by ``locator``.</doc>
<msg timestamp="20220414 12:28:54.071" level="INFO">Typing text 'Toronto' into text field 'name:city'.</msg>
<status status="PASS" starttime="20220414 12:28:54.071" endtime="20220414 12:28:54.215"/>
</kw>
<status status="PASS" starttime="20220414 12:28:54.070" endtime="20220414 12:28:54.215"/>
</kw>
<kw name="Enter State" library="RegistrationKeywords">
<arg>Brampton</arg>
<kw name="Input Text" library="SeleniumLibrary">
<arg>${txt_state}</arg>
<arg>${state}</arg>
<doc>Types the given ``text`` into the text field identified by ``locator``.</doc>
<msg timestamp="20220414 12:28:54.220" level="INFO">Typing text 'Brampton' into text field 'name:state'.</msg>
<status status="PASS" starttime="20220414 12:28:54.217" endtime="20220414 12:28:54.347"/>
</kw>
<status status="PASS" starttime="20220414 12:28:54.216" endtime="20220414 12:28:54.347"/>
</kw>
<kw name="Enter Postal Code" library="RegistrationKeywords">
<arg>123</arg>
<kw name="Input Text" library="SeleniumLibrary">
<arg>${txt_postCode}</arg>
<arg>${postalcode}</arg>
<doc>Types the given ``text`` into the text field identified by ``locator``.</doc>
<msg timestamp="20220414 12:28:54.349" level="INFO">Typing text '123' into text field 'name:postalCode'.</msg>
<status status="PASS" starttime="20220414 12:28:54.349" endtime="20220414 12:28:54.477"/>
</kw>
<status status="PASS" starttime="20220414 12:28:54.348" endtime="20220414 12:28:54.478"/>
</kw>
<kw name="Select Country" library="RegistrationKeywords">
<arg>CANADA</arg>
<kw name="Select From List By Label" library="SeleniumLibrary">
<arg>${drp_country}</arg>
<arg>${country}</arg>
<doc>Selects options from selection list ``locator`` by ``labels``.</doc>
<msg timestamp="20220414 12:28:54.479" level="INFO">Selecting options from selection list 'name:country' by label CANADA.</msg>
<status status="PASS" starttime="20220414 12:28:54.478" endtime="20220414 12:28:54.573"/>
</kw>
<status status="PASS" starttime="20220414 12:28:54.478" endtime="20220414 12:28:54.574"/>
</kw>
<kw name="Enter User Name" library="RegistrationKeywords">
<arg>test</arg>
<kw name="Input Text" library="SeleniumLibrary">
<arg>${txt_userName}</arg>
<arg>${username}</arg>
<doc>Types the given ``text`` into the text field identified by ``locator``.</doc>
<msg timestamp="20220414 12:28:54.580" level="INFO">Typing text 'test' into text field 'name:email'.</msg>
<status status="PASS" starttime="20220414 12:28:54.577" endtime="20220414 12:28:54.658"/>
</kw>
<status status="PASS" starttime="20220414 12:28:54.575" endtime="20220414 12:28:54.658"/>
</kw>
<kw name="Enter Password" library="RegistrationKeywords">
<arg>test</arg>
<kw name="Input Text" library="SeleniumLibrary">
<arg>${txt_Password}</arg>
<arg>${password}</arg>
<doc>Types the given ``text`` into the text field identified by ``locator``.</doc>
<msg timestamp="20220414 12:28:54.661" level="INFO">Typing text 'test' into text field 'name:password'.</msg>
<status status="PASS" starttime="20220414 12:28:54.660" endtime="20220414 12:28:54.747"/>
</kw>
<status status="PASS" starttime="20220414 12:28:54.660" endtime="20220414 12:28:54.747"/>
</kw>
<kw name="Enter Confirmed Password" library="RegistrationKeywords">
<arg>test</arg>
<kw name="Input Text" library="SeleniumLibrary">
<arg>${txt_conformedPassword}</arg>
<arg>${confpassword}</arg>
<doc>Types the given ``text`` into the text field identified by ``locator``.</doc>
<msg timestamp="20220414 12:28:54.748" level="INFO">Typing text 'test' into text field 'name:confirmPassword'.</msg>
<status status="PASS" starttime="20220414 12:28:54.748" endtime="20220414 12:28:54.836"/>
</kw>
<status status="PASS" starttime="20220414 12:28:54.748" endtime="20220414 12:28:54.836"/>
</kw>
<kw name="Click Submit" library="RegistrationKeywords">
<kw name="Click Button" library="SeleniumLibrary">
<arg>${btn_submit}</arg>
<doc>Clicks the button identified by ``locator``.</doc>
<msg timestamp="20220414 12:28:54.837" level="INFO">Clicking button 'xpath:/html/body/div[2]/table/tbody/tr/td[2]/table/tbody/tr[4]/td/table/tbody/tr/td[2]/table/tbody/tr[5]/td/form/table/tbody/tr[17]/td/input'.</msg>
<status status="PASS" starttime="20220414 12:28:54.837" endtime="20220414 12:28:56.288"/>
</kw>
<status status="PASS" starttime="20220414 12:28:54.836" endtime="20220414 12:28:56.288"/>
</kw>
<kw name="Verify Succesful Registration" library="RegistrationKeywords">
<kw name="Page Should Contain" library="SeleniumLibrary">
<arg>Thank you for registering.</arg>
<doc>Verifies that current page contains ``text``.</doc>
<msg timestamp="20220414 12:28:56.308" level="INFO">Current page contains text 'Thank you for registering.'.</msg>
<status status="PASS" starttime="20220414 12:28:56.290" endtime="20220414 12:28:56.308"/>
</kw>
<status status="PASS" starttime="20220414 12:28:56.289" endtime="20220414 12:28:56.308"/>
</kw>
<kw name="Close All Browsers" library="SeleniumLibrary">
<doc>Closes all open browsers and resets the browser cache.</doc>
<status status="PASS" starttime="20220414 12:28:56.308" endtime="20220414 12:28:58.986"/>
</kw>
<status status="PASS" starttime="20220414 12:28:46.627" endtime="20220414 12:28:58.986"/>
</test>
<status status="PASS" starttime="20220414 12:28:46.358" endtime="20220414 12:28:58.986"/>
</suite>
<statistics>
<total>
<stat pass="1" fail="0" skip="0">All Tests</stat>
</total>
<tag>
</tag>
<suite>
<stat pass="1" fail="0" skip="0" id="s1" name="RegistrationTest">RegistrationTest</stat>
</suite>
</statistics>
<errors>
</errors>
</robot>
