<?xml version="1.0" encoding="UTF-8"?>
<robot generator="Robot 5.0 (Python 3.10.4 on win32)" generated="20220413 12:23:08.666" rpa="false" schemaversion="3">
<suite id="s1" name="DataDrivenTests Csv" source="C:\Users\EGNUASN\PycharmProjects\RobotFramework\TestCases\DataDrivenTests_Csv.robot">
<kw name="Open my browser" library="login_resources" type="SETUP">
<kw name="Open Browser" library="SeleniumLibrary">
<arg>${LOGIN URL}</arg>
<arg>${BROWSER}</arg>
<doc>Opens a new browser instance to the optional ``url``.</doc>
<msg timestamp="20220413 12:23:08.967" level="INFO">Opening browser 'chrome' to base url 'https://admin-demo.nopcommerce.com/'.</msg>
<status status="PASS" starttime="20220413 12:23:08.951" endtime="20220413 12:23:12.840"/>
</kw>
<kw name="Maximize Browser Window" library="SeleniumLibrary">
<doc>Maximizes current browser window.</doc>
<status status="PASS" starttime="20220413 12:23:12.840" endtime="20220413 12:23:12.969"/>
</kw>
<status status="PASS" starttime="20220413 12:23:08.951" endtime="20220413 12:23:12.969"/>
</kw>
<test id="s1-t1" name="LoginTestwithExcel using admin@yourstore.com and adm" line="12">
<kw name="Invalid Login">
<arg>admin@yourstore.com</arg>
<arg>adm</arg>
<kw name="Input user name" library="login_resources">
<arg>${username}</arg>
<kw name="Input Text" library="SeleniumLibrary">
<arg>id:Email</arg>
<arg>${username}</arg>
<doc>Types the given ``text`` into the text field identified by ``locator``.</doc>
<msg timestamp="20220413 12:23:12.969" level="INFO">Typing text 'admin@yourstore.com' into text field 'id:Email'.</msg>
<status status="PASS" starttime="20220413 12:23:12.969" endtime="20220413 12:23:13.106"/>
</kw>
<status status="PASS" starttime="20220413 12:23:12.969" endtime="20220413 12:23:13.106"/>
</kw>
<kw name="Input password" library="login_resources">
<arg>${password}</arg>
<kw name="Input Text" library="SeleniumLibrary">
<arg>id:Password</arg>
<arg>${password}</arg>
<doc>Types the given ``text`` into the text field identified by ``locator``.</doc>
<msg timestamp="20220413 12:23:13.107" level="INFO">Typing text 'adm' into text field 'id:Password'.</msg>
<status status="PASS" starttime="20220413 12:23:13.106" endtime="20220413 12:23:13.199"/>
</kw>
<status status="PASS" starttime="20220413 12:23:13.106" endtime="20220413 12:23:13.199"/>
</kw>
<kw name="Click login button" library="login_resources">
<kw name="Click Element" library="SeleniumLibrary">
<arg>xpath:/html/body/div[6]/div/div/div/div/div[2]/div[1]/div/form/div[3]/button</arg>
<doc>Click the element identified by ``locator``.</doc>
<msg timestamp="20220413 12:23:13.199" level="INFO">Clicking element 'xpath:/html/body/div[6]/div/div/div/div/div[2]/div[1]/div/form/div[3]/button'.</msg>
<status status="PASS" starttime="20220413 12:23:13.199" endtime="20220413 12:23:13.590"/>
</kw>
<status status="PASS" starttime="20220413 12:23:13.199" endtime="20220413 12:23:13.591"/>
</kw>
<kw name="Error message should be visible" library="login_resources">
<kw name="Page Should Contain" library="SeleniumLibrary">
<arg>Login was unsuccessful</arg>
<doc>Verifies that current page contains ``text``.</doc>
<msg timestamp="20220413 12:23:13.611" level="INFO">Current page contains text 'Login was unsuccessful'.</msg>
<status status="PASS" starttime="20220413 12:23:13.592" endtime="20220413 12:23:13.611"/>
</kw>
<status status="PASS" starttime="20220413 12:23:13.591" endtime="20220413 12:23:13.612"/>
</kw>
<status status="PASS" starttime="20220413 12:23:12.969" endtime="20220413 12:23:13.612"/>
</kw>
<status status="PASS" starttime="20220413 12:23:12.969" endtime="20220413 12:23:13.612"/>
</test>
<test id="s1-t2" name="LoginTestwithExcel using adm@yourstore.com and admin" line="12">
<kw name="Invalid Login">
<arg>adm@yourstore.com</arg>
<arg>admin</arg>
<kw name="Input user name" library="login_resources">
<arg>${username}</arg>
<kw name="Input Text" library="SeleniumLibrary">
<arg>id:Email</arg>
<arg>${username}</arg>
<doc>Types the given ``text`` into the text field identified by ``locator``.</doc>
<msg timestamp="20220413 12:23:13.612" level="INFO">Typing text 'adm@yourstore.com' into text field 'id:Email'.</msg>
<status status="PASS" starttime="20220413 12:23:13.612" endtime="20220413 12:23:13.710"/>
</kw>
<status status="PASS" starttime="20220413 12:23:13.612" endtime="20220413 12:23:13.711"/>
</kw>
<kw name="Input password" library="login_resources">
<arg>${password}</arg>
<kw name="Input Text" library="SeleniumLibrary">
<arg>id:Password</arg>
<arg>${password}</arg>
<doc>Types the given ``text`` into the text field identified by ``locator``.</doc>
<msg timestamp="20220413 12:23:13.712" level="INFO">Typing text 'admin' into text field 'id:Password'.</msg>
<status status="PASS" starttime="20220413 12:23:13.711" endtime="20220413 12:23:13.800"/>
</kw>
<status status="PASS" starttime="20220413 12:23:13.711" endtime="20220413 12:23:13.800"/>
</kw>
<kw name="Click login button" library="login_resources">
<kw name="Click Element" library="SeleniumLibrary">
<arg>xpath:/html/body/div[6]/div/div/div/div/div[2]/div[1]/div/form/div[3]/button</arg>
<doc>Click the element identified by ``locator``.</doc>
<msg timestamp="20220413 12:23:13.801" level="INFO">Clicking element 'xpath:/html/body/div[6]/div/div/div/div/div[2]/div[1]/div/form/div[3]/button'.</msg>
<msg timestamp="20220413 12:23:13.943" level="INFO" html="true">&lt;/td&gt;&lt;/tr&gt;&lt;tr&gt;&lt;td colspan="3"&gt;&lt;a href="selenium-screenshot-7.png"&gt;&lt;img src="selenium-screenshot-7.png" width="800px"&gt;&lt;/a&gt;</msg>
<msg timestamp="20220413 12:23:13.944" level="FAIL">Element with locator 'xpath:/html/body/div[6]/div/div/div/div/div[2]/div[1]/div/form/div[3]/button' not found.</msg>
<status status="FAIL" starttime="20220413 12:23:13.800" endtime="20220413 12:23:13.947"/>
</kw>
<status status="FAIL" starttime="20220413 12:23:13.800" endtime="20220413 12:23:13.948"/>
</kw>
<kw name="Error message should be visible" library="login_resources">
<status status="NOT RUN" starttime="20220413 12:23:13.948" endtime="20220413 12:23:13.948"/>
</kw>
<status status="FAIL" starttime="20220413 12:23:13.612" endtime="20220413 12:23:13.948"/>
</kw>
<status status="FAIL" starttime="20220413 12:23:13.612" endtime="20220413 12:23:13.949">Element with locator 'xpath:/html/body/div[6]/div/div/div/div/div[2]/div[1]/div/form/div[3]/button' not found.</status>
</test>
<test id="s1-t3" name="LoginTestwithExcel using adm123@yourstore.com and adm" line="12">
<kw name="Invalid Login">
<arg>adm123@yourstore.com</arg>
<arg>adm</arg>
<kw name="Input user name" library="login_resources">
<arg>${username}</arg>
<kw name="Input Text" library="SeleniumLibrary">
<arg>id:Email</arg>
<arg>${username}</arg>
<doc>Types the given ``text`` into the text field identified by ``locator``.</doc>
<msg timestamp="20220413 12:23:13.954" level="INFO">Typing text 'adm123@yourstore.com' into text field 'id:Email'.</msg>
<status status="PASS" starttime="20220413 12:23:13.953" endtime="20220413 12:23:14.066"/>
</kw>
<status status="PASS" starttime="20220413 12:23:13.953" endtime="20220413 12:23:14.066"/>
</kw>
<kw name="Input password" library="login_resources">
<arg>${password}</arg>
<kw name="Input Text" library="SeleniumLibrary">
<arg>id:Password</arg>
<arg>${password}</arg>
<doc>Types the given ``text`` into the text field identified by ``locator``.</doc>
<msg timestamp="20220413 12:23:14.067" level="INFO">Typing text 'adm' into text field 'id:Password'.</msg>
<status status="PASS" starttime="20220413 12:23:14.067" endtime="20220413 12:23:14.137"/>
</kw>
<status status="PASS" starttime="20220413 12:23:14.066" endtime="20220413 12:23:14.137"/>
</kw>
<kw name="Click login button" library="login_resources">
<kw name="Click Element" library="SeleniumLibrary">
<arg>xpath:/html/body/div[6]/div/div/div/div/div[2]/div[1]/div/form/div[3]/button</arg>
<doc>Click the element identified by ``locator``.</doc>
<msg timestamp="20220413 12:23:14.138" level="INFO">Clicking element 'xpath:/html/body/div[6]/div/div/div/div/div[2]/div[1]/div/form/div[3]/button'.</msg>
<msg timestamp="20220413 12:23:14.272" level="INFO" html="true">&lt;/td&gt;&lt;/tr&gt;&lt;tr&gt;&lt;td colspan="3"&gt;&lt;a href="selenium-screenshot-8.png"&gt;&lt;img src="selenium-screenshot-8.png" width="800px"&gt;&lt;/a&gt;</msg>
<msg timestamp="20220413 12:23:14.272" level="FAIL">Element with locator 'xpath:/html/body/div[6]/div/div/div/div/div[2]/div[1]/div/form/div[3]/button' not found.</msg>
<status status="FAIL" starttime="20220413 12:23:14.137" endtime="20220413 12:23:14.272"/>
</kw>
<status status="FAIL" starttime="20220413 12:23:14.137" endtime="20220413 12:23:14.272"/>
</kw>
<kw name="Error message should be visible" library="login_resources">
<status status="NOT RUN" starttime="20220413 12:23:14.272" endtime="20220413 12:23:14.272"/>
</kw>
<status status="FAIL" starttime="20220413 12:23:13.952" endtime="20220413 12:23:14.272"/>
</kw>
<status status="FAIL" starttime="20220413 12:23:13.951" endtime="20220413 12:23:14.272">Element with locator 'xpath:/html/body/div[6]/div/div/div/div/div[2]/div[1]/div/form/div[3]/button' not found.</status>
</test>
<kw name="Close browsers" library="login_resources" type="TEARDOWN">
<kw name="Close All Browsers" library="SeleniumLibrary">
<doc>Closes all open browsers and resets the browser cache.</doc>
<status status="PASS" starttime="20220413 12:23:14.272" endtime="20220413 12:23:16.944"/>
</kw>
<status status="PASS" starttime="20220413 12:23:14.272" endtime="20220413 12:23:16.944"/>
</kw>
<status status="FAIL" starttime="20220413 12:23:08.681" endtime="20220413 12:23:16.944"/>
</suite>
<statistics>
<total>
<stat pass="1" fail="2" skip="0">All Tests</stat>
</total>
<tag>
</tag>
<suite>
<stat pass="1" fail="2" skip="0" id="s1" name="DataDrivenTests Csv">DataDrivenTests Csv</stat>
</suite>
</statistics>
<errors>
</errors>
</robot>
