<?xml version="1.0" encoding="UTF-8"?>
<robot generator="Robot 5.0 (Python 3.10.4 on win32)" generated="20220412 11:35:22.636" rpa="false" schemaversion="3">
<suite id="s1" name="TableDemo" source="C:\Users\EGNUASN\PycharmProjects\RobotFramework\TestCases\TableDemo.robot">
<test id="s1-t1" name="TableValidations" line="5">
<kw name="Open Browser" library="SeleniumLibrary">
<arg>https://testautomationpractice.blogspot.com/</arg>
<arg>chrome</arg>
<doc>Opens a new browser instance to the optional ``url``.</doc>
<msg timestamp="20220412 11:35:22.885" level="INFO">Opening browser 'chrome' to base url 'https://testautomationpractice.blogspot.com/'.</msg>
<status status="PASS" starttime="20220412 11:35:22.885" endtime="20220412 11:35:27.959"/>
</kw>
<kw name="Maximize Browser Window" library="SeleniumLibrary">
<doc>Maximizes current browser window.</doc>
<status status="PASS" starttime="20220412 11:35:27.959" endtime="20220412 11:35:28.093"/>
</kw>
<kw name="Get Element Count" library="SeleniumLibrary">
<var>${rows}</var>
<arg>xpath://*[@id="HTML1"]/div[1]/table/tbody/tr</arg>
<doc>Returns the number of elements matching ``locator``.</doc>
<msg timestamp="20220412 11:35:28.112" level="INFO">${rows} = 7</msg>
<status status="PASS" starttime="20220412 11:35:28.093" endtime="20220412 11:35:28.112"/>
</kw>
<kw name="Get Element Count" library="SeleniumLibrary">
<var>${cols}</var>
<arg>xpath://*[@id="HTML1"]/div[1]/table/tbody/tr[1]/th</arg>
<doc>Returns the number of elements matching ``locator``.</doc>
<msg timestamp="20220412 11:35:28.134" level="INFO">${cols} = 4</msg>
<status status="PASS" starttime="20220412 11:35:28.112" endtime="20220412 11:35:28.134"/>
</kw>
<kw name="Log To Console" library="BuiltIn">
<arg>${rows}</arg>
<doc>Logs the given message to the console.</doc>
<status status="PASS" starttime="20220412 11:35:28.136" endtime="20220412 11:35:28.137"/>
</kw>
<kw name="Log To Console" library="BuiltIn">
<arg>${cols}</arg>
<doc>Logs the given message to the console.</doc>
<status status="PASS" starttime="20220412 11:35:28.138" endtime="20220412 11:35:28.140"/>
</kw>
<kw name="Get Text" library="SeleniumLibrary">
<var>${data}</var>
<arg>xpath://*[@id="HTML1"]/div[1]/table/tbody/tr[5]/td[1]</arg>
<doc>Returns the text value of the element identified by ``locator``.</doc>
<msg timestamp="20220412 11:35:28.175" level="INFO">${data} = Master In Selenium</msg>
<status status="PASS" starttime="20220412 11:35:28.140" endtime="20220412 11:35:28.175"/>
</kw>
<kw name="Log To Console" library="BuiltIn">
<arg>${data}</arg>
<doc>Logs the given message to the console.</doc>
<status status="PASS" starttime="20220412 11:35:28.176" endtime="20220412 11:35:28.177"/>
</kw>
<kw name="Table Column Should Contain" library="SeleniumLibrary">
<arg>xpath://*[@id="HTML1"]/div[1]/table</arg>
<arg>2</arg>
<arg>Author</arg>
<doc>Verifies table column contains text ``expected``.</doc>
<status status="PASS" starttime="20220412 11:35:28.177" endtime="20220412 11:35:28.220"/>
</kw>
<kw name="Table Row Should Contain" library="SeleniumLibrary">
<arg>xpath://*[@id="HTML1"]/div[1]/table</arg>
<arg>4</arg>
<arg>Learn JS</arg>
<doc>Verifies that table row contains text ``expected``.</doc>
<status status="PASS" starttime="20220412 11:35:28.221" endtime="20220412 11:35:28.266"/>
</kw>
<kw name="Table Cell Should Contain" library="SeleniumLibrary">
<arg>xpath://*[@id="HTML1"]/div[1]/table</arg>
<arg>5</arg>
<arg>2</arg>
<arg>Mukesh</arg>
<doc>Verifies table cell contains text ``expected``.</doc>
<msg timestamp="20220412 11:35:28.313" level="INFO">Table cell contains 'Mukesh'.</msg>
<status status="PASS" starttime="20220412 11:35:28.266" endtime="20220412 11:35:28.313"/>
</kw>
<kw name="Table Header Should Contain" library="SeleniumLibrary">
<arg>xpath://*[@id="HTML1"]/div[1]/table</arg>
<arg>BookName</arg>
<doc>Verifies table header contains text ``expected``.</doc>
<status status="PASS" starttime="20220412 11:35:28.329" endtime="20220412 11:35:28.366"/>
</kw>
<kw name="Close Browser" library="SeleniumLibrary">
<doc>Closes the current browser.</doc>
<status status="PASS" starttime="20220412 11:35:28.366" endtime="20220412 11:35:31.092"/>
</kw>
<status status="PASS" starttime="20220412 11:35:22.885" endtime="20220412 11:35:31.092"/>
</test>
<status status="PASS" starttime="20220412 11:35:22.651" endtime="20220412 11:35:31.092"/>
</suite>
<statistics>
<total>
<stat pass="1" fail="0" skip="0">All Tests</stat>
</total>
<tag>
</tag>
<suite>
<stat pass="1" fail="0" skip="0" id="s1" name="TableDemo">TableDemo</stat>
</suite>
</statistics>
<errors>
</errors>
</robot>
