<?xml version="1.0" encoding="UTF-8"?>
<robot generator="Robot 5.0 (Python 3.10.4 on win32)" generated="20220411 15:50:21.981" rpa="false" schemaversion="3">
<suite id="s1" name="ScrollingPage" source="C:\Users\EGNUASN\PycharmProjects\RobotFramework\TestCases\ScrollingPage.robot">
<test id="s1-t1" name="ScrollingTests" line="5">
<kw name="Open Browser" library="SeleniumLibrary">
<arg>https://www.countries-ofthe-world.com/flags-of-the-world.html</arg>
<arg>chrome</arg>
<doc>Opens a new browser instance to the optional ``url``.</doc>
<msg timestamp="20220411 15:50:22.229" level="INFO">Opening browser 'chrome' to base url 'https://www.countries-ofthe-world.com/flags-of-the-world.html'.</msg>
<status status="PASS" starttime="20220411 15:50:22.229" endtime="20220411 15:50:26.579"/>
</kw>
<kw name="Maximize Browser Window" library="SeleniumLibrary">
<doc>Maximizes current browser window.</doc>
<status status="PASS" starttime="20220411 15:50:26.579" endtime="20220411 15:50:26.713"/>
</kw>
<kw name="Execute Javascript" library="SeleniumLibrary">
<arg>window.scrollTo(0,document.body.scrollHeight)</arg>
<doc>Executes the given JavaScript code with possible arguments.</doc>
<msg timestamp="20220411 15:50:26.716" level="INFO">Executing JavaScript:
window.scrollTo(0,document.body.scrollHeight)
Without any arguments.</msg>
<status status="PASS" starttime="20220411 15:50:26.714" endtime="20220411 15:50:26.730"/>
</kw>
<kw name="Sleep" library="BuiltIn">
<arg>2</arg>
<doc>Pauses the test executed for the given time.</doc>
<msg timestamp="20220411 15:50:28.731" level="INFO">Slept 2 seconds</msg>
<status status="PASS" starttime="20220411 15:50:26.730" endtime="20220411 15:50:28.731"/>
</kw>
<kw name="Execute Javascript" library="SeleniumLibrary">
<arg>window.scrollTo(0,-document.body.scrollHeight)</arg>
<doc>Executes the given JavaScript code with possible arguments.</doc>
<msg timestamp="20220411 15:50:28.731" level="INFO">Executing JavaScript:
window.scrollTo(0,-document.body.scrollHeight)
Without any arguments.</msg>
<status status="PASS" starttime="20220411 15:50:28.731" endtime="20220411 15:50:28.750"/>
</kw>
<kw name="Close Browser" library="SeleniumLibrary">
<doc>Closes the current browser.</doc>
<status status="PASS" starttime="20220411 15:50:28.752" endtime="20220411 15:50:31.477"/>
</kw>
<status status="PASS" starttime="20220411 15:50:22.229" endtime="20220411 15:50:31.477"/>
</test>
<status status="PASS" starttime="20220411 15:50:21.981" endtime="20220411 15:50:31.477"/>
</suite>
<statistics>
<total>
<stat pass="1" fail="0" skip="0">All Tests</stat>
</total>
<tag>
</tag>
<suite>
<stat pass="1" fail="0" skip="0" id="s1" name="ScrollingPage">ScrollingPage</stat>
</suite>
</statistics>
<errors>
</errors>
</robot>
