<?xml version="1.0" encoding="UTF-8"?>
<robot generator="Robot 5.0 (Python 3.10.4 on win32)" generated="20220413 18:55:53.127" rpa="false" schemaversion="3">
<suite id="s1" name="Tagging" source="C:\Users\EGNUASN\PycharmProjects\RobotFramework\TestCases\Tagging.robot">
<test id="s1-t1" name="TC1 User RegistrationTest" line="6">
<kw name="Log To Console" library="BuiltIn">
<arg>This is user reg test</arg>
<doc>Logs the given message to the console.</doc>
<status status="PASS" starttime="20220413 18:55:53.158" endtime="20220413 18:55:53.158"/>
</kw>
<kw name="Log To Console" library="BuiltIn">
<arg>user registration test is over</arg>
<doc>Logs the given message to the console.</doc>
<status status="PASS" starttime="20220413 18:55:53.158" endtime="20220413 18:55:53.158"/>
</kw>
<tag>regression</tag>
<status status="PASS" starttime="20220413 18:55:53.158" endtime="20220413 18:55:53.158"/>
</test>
<test id="s1-t2" name="TC3 Change user settings" line="14">
<kw name="Log To Console" library="BuiltIn">
<arg>This is changing user settings test</arg>
<doc>Logs the given message to the console.</doc>
<status status="PASS" starttime="20220413 18:55:53.158" endtime="20220413 18:55:53.158"/>
</kw>
<kw name="Log To Console" library="BuiltIn">
<arg>Changing user test is over</arg>
<doc>Logs the given message to the console.</doc>
<status status="PASS" starttime="20220413 18:55:53.158" endtime="20220413 18:55:53.158"/>
</kw>
<tag>regression</tag>
<status status="PASS" starttime="20220413 18:55:53.158" endtime="20220413 18:55:53.158"/>
</test>
<status status="PASS" starttime="20220413 18:55:53.127" endtime="20220413 18:55:53.158"/>
</suite>
<statistics>
<total>
<stat pass="2" fail="0" skip="0">All Tests</stat>
</total>
<tag>
<stat pass="2" fail="0" skip="0">regression</stat>
</tag>
<suite>
<stat pass="2" fail="0" skip="0" id="s1" name="Tagging">Tagging</stat>
</suite>
</statistics>
<errors>
</errors>
</robot>
