<?xml version="1.0" encoding="UTF-8"?>
<robot generator="Robot 5.0 (Python 3.10.4 on win32)" generated="20220411 11:45:20.169" rpa="false" schemaversion="3">
<suite id="s1" name="CloseAll" source="C:\Users\EGNUASN\PycharmProjects\RobotFramework\TestCases\CloseAll.robot">
<test id="s1-t1" name="MyTestCase" line="6">
<kw name="Open Browser" library="SeleniumLibrary">
<arg>http://demowebshop.tricentis.com/register</arg>
<arg>chrome</arg>
<doc>Opens a new browser instance to the optional ``url``.</doc>
<msg timestamp="20220411 11:45:20.417" level="INFO">Opening browser 'chrome' to base url 'http://demowebshop.tricentis.com/register'.</msg>
<status status="PASS" starttime="20220411 11:45:20.417" endtime="20220411 11:45:23.543"/>
</kw>
<kw name="Maximize Browser Window" library="SeleniumLibrary">
<doc>Maximizes current browser window.</doc>
<status status="PASS" starttime="20220411 11:45:23.544" endtime="20220411 11:45:23.664"/>
</kw>
<kw name="Open Browser" library="SeleniumLibrary">
<arg>http://automationpractice.com/index.php</arg>
<arg>chrome</arg>
<doc>Opens a new browser instance to the optional ``url``.</doc>
<msg timestamp="20220411 11:45:23.664" level="INFO">Opening browser 'chrome' to base url 'http://automationpractice.com/index.php'.</msg>
<status status="PASS" starttime="20220411 11:45:23.664" endtime="20220411 11:45:28.853"/>
</kw>
<kw name="Maximize Browser Window" library="SeleniumLibrary">
<doc>Maximizes current browser window.</doc>
<status status="PASS" starttime="20220411 11:45:28.853" endtime="20220411 11:45:29.012"/>
</kw>
<kw name="Close All Browsers" library="SeleniumLibrary">
<doc>Closes all open browsers and resets the browser cache.</doc>
<status status="PASS" starttime="20220411 11:45:29.014" endtime="20220411 11:45:34.376"/>
</kw>
<status status="PASS" starttime="20220411 11:45:20.417" endtime="20220411 11:45:34.376"/>
</test>
<status status="PASS" starttime="20220411 11:45:20.169" endtime="20220411 11:45:34.376"/>
</suite>
<statistics>
<total>
<stat pass="1" fail="0" skip="0">All Tests</stat>
</total>
<tag>
</tag>
<suite>
<stat pass="1" fail="0" skip="0" id="s1" name="CloseAll">CloseAll</stat>
</suite>
</statistics>
<errors>
</errors>
</robot>
