<?xml version="1.0" encoding="UTF-8"?>
<robot generator="Robot 5.0 (Python 3.10.4 on win32)" generated="20220411 14:42:22.680" rpa="false" schemaversion="3">
<suite id="s1" name="MauseOperations" source="C:\Users\EGNUASN\PycharmProjects\RobotFramework\TestCases\MauseOperations.robot">
<test id="s1-t1" name="MauseActions" line="5">
<kw name="Open Browser" library="SeleniumLibrary">
<arg>https://swisnl.github.io/jQuery-contextMenu/demo.html</arg>
<arg>chrome</arg>
<doc>Opens a new browser instance to the optional ``url``.</doc>
<msg timestamp="20220411 14:42:22.945" level="INFO">Opening browser 'chrome' to base url 'https://swisnl.github.io/jQuery-contextMenu/demo.html'.</msg>
<status status="PASS" starttime="20220411 14:42:22.945" endtime="20220411 14:42:25.735"/>
</kw>
<kw name="Maximize Browser Window" library="SeleniumLibrary">
<doc>Maximizes current browser window.</doc>
<status status="PASS" starttime="20220411 14:42:25.736" endtime="20220411 14:42:25.885"/>
</kw>
<kw name="Open Context Menu" library="SeleniumLibrary">
<arg>xpath:/html/body/div/section/div/div/div/p/span</arg>
<doc>Opens the context menu on the element identified by ``locator``.</doc>
<status status="PASS" starttime="20220411 14:42:25.885" endtime="20220411 14:42:26.194"/>
</kw>
<kw name="Sleep" library="BuiltIn">
<arg>3</arg>
<doc>Pauses the test executed for the given time.</doc>
<msg timestamp="20220411 14:42:29.211" level="INFO">Slept 3 seconds</msg>
<status status="PASS" starttime="20220411 14:42:26.195" endtime="20220411 14:42:29.211"/>
</kw>
<kw name="Go To" library="SeleniumLibrary">
<arg>https://testautomationpractice.blogspot.com/</arg>
<doc>Navigates the current browser window to the provided ``url``.</doc>
<msg timestamp="20220411 14:42:29.211" level="INFO">Opening url 'https://testautomationpractice.blogspot.com/'</msg>
<status status="PASS" starttime="20220411 14:42:29.211" endtime="20220411 14:42:32.624"/>
</kw>
<kw name="Maximize Browser Window" library="SeleniumLibrary">
<doc>Maximizes current browser window.</doc>
<status status="PASS" starttime="20220411 14:42:32.624" endtime="20220411 14:42:32.629"/>
</kw>
<kw name="Double Click Element" library="SeleniumLibrary">
<arg>xpath://*[@id="HTML10"]/div[1]/button</arg>
<doc>Double clicks the element identified by ``locator``.</doc>
<msg timestamp="20220411 14:42:32.629" level="INFO">Double clicking element 'xpath://*[@id="HTML10"]/div[1]/button'.</msg>
<status status="PASS" starttime="20220411 14:42:32.629" endtime="20220411 14:42:32.925"/>
</kw>
<kw name="Sleep" library="BuiltIn">
<arg>2</arg>
<doc>Pauses the test executed for the given time.</doc>
<msg timestamp="20220411 14:42:34.929" level="INFO">Slept 2 seconds</msg>
<status status="PASS" starttime="20220411 14:42:32.926" endtime="20220411 14:42:34.929"/>
</kw>
<kw name="Go To" library="SeleniumLibrary">
<arg>http://www.dhtmlgoodies.com/scripts/drag-drop-custom/demo-drag-drop-3.html</arg>
<doc>Navigates the current browser window to the provided ``url``.</doc>
<msg timestamp="20220411 14:42:34.930" level="INFO">Opening url 'http://www.dhtmlgoodies.com/scripts/drag-drop-custom/demo-drag-drop-3.html'</msg>
<status status="PASS" starttime="20220411 14:42:34.930" endtime="20220411 14:42:37.472"/>
</kw>
<kw name="Maximize Browser Window" library="SeleniumLibrary">
<doc>Maximizes current browser window.</doc>
<status status="PASS" starttime="20220411 14:42:37.472" endtime="20220411 14:42:37.478"/>
</kw>
<kw name="Drag And Drop" library="SeleniumLibrary">
<arg>id:box6</arg>
<arg>id:box106</arg>
<doc>Drags the element identified by ``locator`` into the ``target`` element.</doc>
<status status="PASS" starttime="20220411 14:42:37.479" endtime="20220411 14:42:38.069"/>
</kw>
<kw name="Sleep" library="BuiltIn">
<arg>2</arg>
<doc>Pauses the test executed for the given time.</doc>
<msg timestamp="20220411 14:42:40.076" level="INFO">Slept 2 seconds</msg>
<status status="PASS" starttime="20220411 14:42:38.070" endtime="20220411 14:42:40.076"/>
</kw>
<kw name="Close Browser" library="SeleniumLibrary">
<doc>Closes the current browser.</doc>
<status status="PASS" starttime="20220411 14:42:40.077" endtime="20220411 14:42:42.801"/>
</kw>
<status status="PASS" starttime="20220411 14:42:22.929" endtime="20220411 14:42:42.801"/>
</test>
<status status="PASS" starttime="20220411 14:42:22.680" endtime="20220411 14:42:42.801"/>
</suite>
<statistics>
<total>
<stat pass="1" fail="0" skip="0">All Tests</stat>
</total>
<tag>
</tag>
<suite>
<stat pass="1" fail="0" skip="0" id="s1" name="MauseOperations">MauseOperations</stat>
</suite>
</statistics>
<errors>
</errors>
</robot>
