<?xml version="1.0" encoding="UTF-8"?>
<robot generator="Robot 5.0 (Python 3.10.4 on win32)" generated="20220409 17:09:19.945" rpa="false" schemaversion="3">
<suite id="s1" name="Dropdowns" source="C:\Users\EGNUASN\PycharmProjects\RobotFramework\TestCases\Dropdowns.robot">
<test id="s1-t1" name="Handling DropDowns and Lists" line="9">
<kw name="Open Browser" library="SeleniumLibrary">
<arg>${url}</arg>
<arg>${browser}</arg>
<doc>Opens a new browser instance to the optional ``url``.</doc>
<msg timestamp="20220409 17:09:20.211" level="INFO">Opening browser 'chrome' to base url 'https://www.tutorialspoint.com/selenium/selenium_automation_practice.htm'.</msg>
<status status="PASS" starttime="20220409 17:09:20.211" endtime="20220409 17:09:29.113"/>
</kw>
<kw name="Maximize Browser Window" library="SeleniumLibrary">
<doc>Maximizes current browser window.</doc>
<status status="PASS" starttime="20220409 17:09:29.115" endtime="20220409 17:09:29.242"/>
</kw>
<kw name="Select From List By Label" library="SeleniumLibrary">
<arg>continents</arg>
<arg>Asia</arg>
<doc>Selects options from selection list ``locator`` by ``labels``.</doc>
<msg timestamp="20220409 17:09:29.242" level="INFO">Selecting options from selection list 'continents' by label Asia.</msg>
<status status="PASS" starttime="20220409 17:09:29.242" endtime="20220409 17:09:29.289"/>
</kw>
<kw name="Sleep" library="BuiltIn">
<arg>3</arg>
<doc>Pauses the test executed for the given time.</doc>
<msg timestamp="20220409 17:09:32.308" level="INFO">Slept 3 seconds</msg>
<status status="PASS" starttime="20220409 17:09:29.304" endtime="20220409 17:09:32.308"/>
</kw>
<kw name="Select From List By Index" library="SeleniumLibrary">
<arg>continents</arg>
<arg>5</arg>
<doc>Selects options from selection list ``locator`` by ``indexes``.</doc>
<msg timestamp="20220409 17:09:32.316" level="INFO">Selecting options from selection list 'continents' by index 5.</msg>
<status status="PASS" starttime="20220409 17:09:32.315" endtime="20220409 17:09:33.818"/>
</kw>
<status status="PASS" starttime="20220409 17:09:20.211" endtime="20220409 17:09:33.819"/>
</test>
<status status="PASS" starttime="20220409 17:09:19.945" endtime="20220409 17:09:33.825"/>
</suite>
<statistics>
<total>
<stat pass="1" fail="0" skip="0">All Tests</stat>
</total>
<tag>
</tag>
<suite>
<stat pass="1" fail="0" skip="0" id="s1" name="Dropdowns">Dropdowns</stat>
</suite>
</statistics>
<errors>
</errors>
</robot>
