<?xml version="1.0" encoding="UTF-8"?>
<robot generator="Robot 5.0 (Python 3.10.4 on win32)" generated="20220411 15:37:21.216" rpa="false" schemaversion="3">
<suite id="s1" name="UserKeywords" source="C:\Users\EGNUASN\PycharmProjects\RobotFramework\TestCases\UserKeywords.robot">
<test id="s1-t1" name="TC1" line="11">
<kw name="launchBrowser" library="resources">
<var>${PageTitle}</var>
<arg>${url}</arg>
<arg>${browser}</arg>
<kw name="Open Browser" library="SeleniumLibrary">
<arg>${appurl}</arg>
<arg>${appbrowser}</arg>
<doc>Opens a new browser instance to the optional ``url``.</doc>
<msg timestamp="20220411 15:37:21.480" level="INFO">Opening browser 'chrome' to base url 'https://demo.guru99.com/test/newtours/'.</msg>
<status status="PASS" starttime="20220411 15:37:21.480" endtime="20220411 15:37:26.572"/>
</kw>
<kw name="Maximize Browser Window" library="SeleniumLibrary">
<doc>Maximizes current browser window.</doc>
<status status="PASS" starttime="20220411 15:37:26.573" endtime="20220411 15:37:26.712"/>
</kw>
<kw name="Get Title" library="SeleniumLibrary">
<var>${title}</var>
<doc>Returns the title of the current page.</doc>
<msg timestamp="20220411 15:37:26.719" level="INFO">${title} = Welcome: Mercury Tours</msg>
<status status="PASS" starttime="20220411 15:37:26.712" endtime="20220411 15:37:26.719"/>
</kw>
<msg timestamp="20220411 15:37:26.719" level="INFO">${PageTitle} = Welcome: Mercury Tours</msg>
<status status="PASS" starttime="20220411 15:37:21.480" endtime="20220411 15:37:26.720"/>
</kw>
<kw name="Log To Console" library="BuiltIn">
<arg>${PageTitle}</arg>
<doc>Logs the given message to the console.</doc>
<status status="PASS" starttime="20220411 15:37:26.720" endtime="20220411 15:37:26.721"/>
</kw>
<kw name="Log" library="BuiltIn">
<arg>${PageTitle}</arg>
<doc>Logs the given message with the given level.</doc>
<msg timestamp="20220411 15:37:26.722" level="INFO">Welcome: Mercury Tours</msg>
<status status="PASS" starttime="20220411 15:37:26.721" endtime="20220411 15:37:26.722"/>
</kw>
<kw name="Input Text" library="SeleniumLibrary">
<arg>name:userName</arg>
<arg>mercury</arg>
<doc>Types the given ``text`` into the text field identified by ``locator``.</doc>
<msg timestamp="20220411 15:37:26.722" level="INFO">Typing text 'mercury' into text field 'name:userName'.</msg>
<status status="PASS" starttime="20220411 15:37:26.722" endtime="20220411 15:37:26.842"/>
</kw>
<kw name="Input Text" library="SeleniumLibrary">
<arg>name:password</arg>
<arg>mercury</arg>
<doc>Types the given ``text`` into the text field identified by ``locator``.</doc>
<msg timestamp="20220411 15:37:26.843" level="INFO">Typing text 'mercury' into text field 'name:password'.</msg>
<status status="PASS" starttime="20220411 15:37:26.843" endtime="20220411 15:37:26.937"/>
</kw>
<kw name="Close Browser" library="SeleniumLibrary">
<doc>Closes the current browser.</doc>
<status status="PASS" starttime="20220411 15:37:26.937" endtime="20220411 15:37:29.609"/>
</kw>
<status status="PASS" starttime="20220411 15:37:21.480" endtime="20220411 15:37:29.609"/>
</test>
<status status="PASS" starttime="20220411 15:37:21.216" endtime="20220411 15:37:29.609"/>
</suite>
<statistics>
<total>
<stat pass="1" fail="0" skip="0">All Tests</stat>
</total>
<tag>
</tag>
<suite>
<stat pass="1" fail="0" skip="0" id="s1" name="UserKeywords">UserKeywords</stat>
</suite>
</statistics>
<errors>
</errors>
</robot>
