<?xml version="1.0" encoding="UTF-8"?>
<robot generator="Robot 5.0 (Python 3.10.4 on win32)" generated="20220414 13:33:27.032" rpa="false" schemaversion="3">
<suite id="s1" name="Suites">
<suite id="s1-s1" name="Tagging" source="C:\Users\EGNUASN\PycharmProjects\RobotFramework\TestCases\Tagging.robot">
<test id="s1-s1-t1" name="TC1 User RegistrationTest" line="6">
<kw name="Log To Console" library="BuiltIn">
<arg>This is user reg test</arg>
<doc>Logs the given message to the console.</doc>
<status status="PASS" starttime="20220414 13:33:27.084" endtime="20220414 13:33:27.084"/>
</kw>
<kw name="Log To Console" library="BuiltIn">
<arg>user registration test is over</arg>
<doc>Logs the given message to the console.</doc>
<status status="PASS" starttime="20220414 13:33:27.084" endtime="20220414 13:33:27.085"/>
</kw>
<tag>regression</tag>
<status status="PASS" starttime="20220414 13:33:27.083" endtime="20220414 13:33:27.085"/>
</test>
<test id="s1-s1-t2" name="TC2 LoginTest" line="10">
<kw name="Log To Console" library="BuiltIn">
<arg>This is Login test</arg>
<doc>Logs the given message to the console.</doc>
<status status="PASS" starttime="20220414 13:33:27.086" endtime="20220414 13:33:27.086"/>
</kw>
<kw name="Log To Console" library="BuiltIn">
<arg>Login test is over</arg>
<doc>Logs the given message to the console.</doc>
<status status="PASS" starttime="20220414 13:33:27.086" endtime="20220414 13:33:27.087"/>
</kw>
<tag>sanity</tag>
<status status="PASS" starttime="20220414 13:33:27.085" endtime="20220414 13:33:27.087"/>
</test>
<test id="s1-s1-t3" name="TC3 Change user settings" line="14">
<kw name="Log To Console" library="BuiltIn">
<arg>This is changing user settings test</arg>
<doc>Logs the given message to the console.</doc>
<status status="PASS" starttime="20220414 13:33:27.088" endtime="20220414 13:33:27.088"/>
</kw>
<kw name="Log To Console" library="BuiltIn">
<arg>Changing user test is over</arg>
<doc>Logs the given message to the console.</doc>
<status status="PASS" starttime="20220414 13:33:27.088" endtime="20220414 13:33:27.088"/>
</kw>
<tag>regression</tag>
<status status="PASS" starttime="20220414 13:33:27.087" endtime="20220414 13:33:27.089"/>
</test>
<test id="s1-s1-t4" name="TC4 Logout test" line="18">
<kw name="Log To Console" library="BuiltIn">
<arg>This is logout test</arg>
<doc>Logs the given message to the console.</doc>
<status status="PASS" starttime="20220414 13:33:27.090" endtime="20220414 13:33:27.090"/>
</kw>
<kw name="Log To Console" library="BuiltIn">
<arg>Logout test is over</arg>
<doc>Logs the given message to the console.</doc>
<status status="PASS" starttime="20220414 13:33:27.090" endtime="20220414 13:33:27.090"/>
</kw>
<tag>sanity</tag>
<status status="PASS" starttime="20220414 13:33:27.089" endtime="20220414 13:33:27.091"/>
</test>
<status status="PASS" starttime="20220414 13:33:27.078" endtime="20220414 13:33:27.091"/>
</suite>
<status status="PASS" starttime="20220414 13:33:27.045" endtime="20220414 13:33:27.092"/>
</suite>
<statistics>
<total>
<stat pass="4" fail="0" skip="0">All Tests</stat>
</total>
<tag>
<stat pass="2" fail="0" skip="0">regression</stat>
<stat pass="2" fail="0" skip="0">sanity</stat>
</tag>
<suite>
<stat pass="4" fail="0" skip="0" id="s1" name="Suites">Suites</stat>
<stat pass="4" fail="0" skip="0" id="s1-s1" name="Tagging">Suites.Tagging</stat>
</suite>
</statistics>
<errors>
</errors>
</robot>
