<?xml version="1.0" encoding="UTF-8"?>
<robot generator="Robot 5.0 (Python 3.10.4 on win32)" generated="20220414 14:01:29.559" rpa="false" schemaversion="3">
<suite id="s1" name="Suites">
<suite id="s1-s1" name="TableDemo" source="C:\Users\EGNUASN\PycharmProjects\RobotFramework\TestCases\TableDemo.robot">
<test id="s1-s1-t1" name="TableValidations" line="5">
<kw name="Open Browser" library="SeleniumLibrary">
<arg>https://testautomationpractice.blogspot.com/</arg>
<arg>chrome</arg>
<doc>Opens a new browser instance to the optional ``url``.</doc>
<msg timestamp="20220414 14:01:29.964" level="INFO">Opening browser 'chrome' to base url 'https://testautomationpractice.blogspot.com/'.</msg>
<status status="PASS" starttime="20220414 14:01:29.963" endtime="20220414 14:01:36.207"/>
</kw>
<kw name="Maximize Browser Window" library="SeleniumLibrary">
<doc>Maximizes current browser window.</doc>
<status status="PASS" starttime="20220414 14:01:36.207" endtime="20220414 14:01:36.533"/>
</kw>
<kw name="Get Element Count" library="SeleniumLibrary">
<var>${rows}</var>
<arg>xpath://*[@id="HTML1"]/div[1]/table/tbody/tr</arg>
<doc>Returns the number of elements matching ``locator``.</doc>
<msg timestamp="20220414 14:01:36.593" level="INFO">${rows} = 7</msg>
<status status="PASS" starttime="20220414 14:01:36.533" endtime="20220414 14:01:36.594"/>
</kw>
<kw name="Get Element Count" library="SeleniumLibrary">
<var>${cols}</var>
<arg>xpath://*[@id="HTML1"]/div[1]/table/tbody/tr[1]/th</arg>
<doc>Returns the number of elements matching ``locator``.</doc>
<msg timestamp="20220414 14:01:36.613" level="INFO">${cols} = 4</msg>
<status status="PASS" starttime="20220414 14:01:36.595" endtime="20220414 14:01:36.613"/>
</kw>
<kw name="Log To Console" library="BuiltIn">
<arg>${rows}</arg>
<doc>Logs the given message to the console.</doc>
<status status="PASS" starttime="20220414 14:01:36.614" endtime="20220414 14:01:36.614"/>
</kw>
<kw name="Log To Console" library="BuiltIn">
<arg>${cols}</arg>
<doc>Logs the given message to the console.</doc>
<status status="PASS" starttime="20220414 14:01:36.615" endtime="20220414 14:01:36.616"/>
</kw>
<kw name="Get Text" library="SeleniumLibrary">
<var>${data}</var>
<arg>xpath://*[@id="HTML1"]/div[1]/table/tbody/tr[5]/td[1]</arg>
<doc>Returns the text value of the element identified by ``locator``.</doc>
<msg timestamp="20220414 14:01:36.675" level="INFO">${data} = Master In Selenium</msg>
<status status="PASS" starttime="20220414 14:01:36.616" endtime="20220414 14:01:36.675"/>
</kw>
<kw name="Log To Console" library="BuiltIn">
<arg>${data}</arg>
<doc>Logs the given message to the console.</doc>
<status status="PASS" starttime="20220414 14:01:36.676" endtime="20220414 14:01:36.679"/>
</kw>
<kw name="Table Column Should Contain" library="SeleniumLibrary">
<arg>xpath://*[@id="HTML1"]/div[1]/table</arg>
<arg>2</arg>
<arg>Author</arg>
<doc>Verifies table column contains text ``expected``.</doc>
<status status="PASS" starttime="20220414 14:01:36.680" endtime="20220414 14:01:36.773"/>
</kw>
<kw name="Table Row Should Contain" library="SeleniumLibrary">
<arg>xpath://*[@id="HTML1"]/div[1]/table</arg>
<arg>4</arg>
<arg>Learn JS</arg>
<doc>Verifies that table row contains text ``expected``.</doc>
<status status="PASS" starttime="20220414 14:01:36.774" endtime="20220414 14:01:36.928"/>
</kw>
<kw name="Table Cell Should Contain" library="SeleniumLibrary">
<arg>xpath://*[@id="HTML1"]/div[1]/table</arg>
<arg>5</arg>
<arg>2</arg>
<arg>Mukesh</arg>
<doc>Verifies table cell contains text ``expected``.</doc>
<msg timestamp="20220414 14:01:37.146" level="INFO">Table cell contains 'Mukesh'.</msg>
<status status="PASS" starttime="20220414 14:01:36.928" endtime="20220414 14:01:37.147"/>
</kw>
<kw name="Table Header Should Contain" library="SeleniumLibrary">
<arg>xpath://*[@id="HTML1"]/div[1]/table</arg>
<arg>BookName</arg>
<doc>Verifies table header contains text ``expected``.</doc>
<status status="PASS" starttime="20220414 14:01:37.147" endtime="20220414 14:01:37.233"/>
</kw>
<kw name="Close Browser" library="SeleniumLibrary">
<doc>Closes the current browser.</doc>
<status status="PASS" starttime="20220414 14:01:37.233" endtime="20220414 14:01:40.284"/>
</kw>
<status status="PASS" starttime="20220414 14:01:29.962" endtime="20220414 14:01:40.285"/>
</test>
<status status="PASS" starttime="20220414 14:01:29.590" endtime="20220414 14:01:40.286"/>
</suite>
<status status="PASS" starttime="20220414 14:01:29.575" endtime="20220414 14:01:40.293"/>
</suite>
<statistics>
<total>
<stat pass="1" fail="0" skip="0">All Tests</stat>
</total>
<tag>
</tag>
<suite>
<stat pass="1" fail="0" skip="0" id="s1" name="Suites">Suites</stat>
<stat pass="1" fail="0" skip="0" id="s1-s1" name="TableDemo">Suites.TableDemo</stat>
</suite>
</statistics>
<errors>
</errors>
</robot>
