<?xml version="1.0" encoding="UTF-8"?>
<robot generator="Robot 5.0 (Python 3.10.4 on win32)" generated="20220414 13:33:15.119" rpa="false" schemaversion="3">
<suite id="s1" name="Suites">
<suite id="s1-s1" name="TableDemo" source="C:\Users\EGNUASN\PycharmProjects\RobotFramework\TestCases\TableDemo.robot">
<test id="s1-s1-t1" name="TableValidations" line="5">
<kw name="Open Browser" library="SeleniumLibrary">
<arg>https://testautomationpractice.blogspot.com/</arg>
<arg>chrome</arg>
<doc>Opens a new browser instance to the optional ``url``.</doc>
<msg timestamp="20220414 13:33:15.373" level="INFO">Opening browser 'chrome' to base url 'https://testautomationpractice.blogspot.com/'.</msg>
<status status="PASS" starttime="20220414 13:33:15.373" endtime="20220414 13:33:22.305"/>
</kw>
<kw name="Maximize Browser Window" library="SeleniumLibrary">
<doc>Maximizes current browser window.</doc>
<status status="PASS" starttime="20220414 13:33:22.305" endtime="20220414 13:33:22.654"/>
</kw>
<kw name="Get Element Count" library="SeleniumLibrary">
<var>${rows}</var>
<arg>xpath://*[@id="HTML1"]/div[1]/table/tbody/tr</arg>
<doc>Returns the number of elements matching ``locator``.</doc>
<msg timestamp="20220414 13:33:22.687" level="INFO">${rows} = 7</msg>
<status status="PASS" starttime="20220414 13:33:22.654" endtime="20220414 13:33:22.687"/>
</kw>
<kw name="Get Element Count" library="SeleniumLibrary">
<var>${cols}</var>
<arg>xpath://*[@id="HTML1"]/div[1]/table/tbody/tr[1]/th</arg>
<doc>Returns the number of elements matching ``locator``.</doc>
<msg timestamp="20220414 13:33:22.713" level="INFO">${cols} = 4</msg>
<status status="PASS" starttime="20220414 13:33:22.688" endtime="20220414 13:33:22.713"/>
</kw>
<kw name="Log To Console" library="BuiltIn">
<arg>${rows}</arg>
<doc>Logs the given message to the console.</doc>
<status status="PASS" starttime="20220414 13:33:22.714" endtime="20220414 13:33:22.715"/>
</kw>
<kw name="Log To Console" library="BuiltIn">
<arg>${cols}</arg>
<doc>Logs the given message to the console.</doc>
<status status="PASS" starttime="20220414 13:33:22.715" endtime="20220414 13:33:22.716"/>
</kw>
<kw name="Get Text" library="SeleniumLibrary">
<var>${data}</var>
<arg>xpath://*[@id="HTML1"]/div[1]/table/tbody/tr[5]/td[1]</arg>
<doc>Returns the text value of the element identified by ``locator``.</doc>
<msg timestamp="20220414 13:33:22.805" level="INFO">${data} = Master In Selenium</msg>
<status status="PASS" starttime="20220414 13:33:22.717" endtime="20220414 13:33:22.806"/>
</kw>
<kw name="Log To Console" library="BuiltIn">
<arg>${data}</arg>
<doc>Logs the given message to the console.</doc>
<status status="PASS" starttime="20220414 13:33:22.806" endtime="20220414 13:33:22.808"/>
</kw>
<kw name="Table Column Should Contain" library="SeleniumLibrary">
<arg>xpath://*[@id="HTML1"]/div[1]/table</arg>
<arg>2</arg>
<arg>Author</arg>
<doc>Verifies table column contains text ``expected``.</doc>
<status status="PASS" starttime="20220414 13:33:22.809" endtime="20220414 13:33:22.908"/>
</kw>
<kw name="Table Row Should Contain" library="SeleniumLibrary">
<arg>xpath://*[@id="HTML1"]/div[1]/table</arg>
<arg>4</arg>
<arg>Learn JS</arg>
<doc>Verifies that table row contains text ``expected``.</doc>
<status status="PASS" starttime="20220414 13:33:22.908" endtime="20220414 13:33:22.984"/>
</kw>
<kw name="Table Cell Should Contain" library="SeleniumLibrary">
<arg>xpath://*[@id="HTML1"]/div[1]/table</arg>
<arg>5</arg>
<arg>2</arg>
<arg>Mukesh</arg>
<doc>Verifies table cell contains text ``expected``.</doc>
<msg timestamp="20220414 13:33:23.068" level="INFO">Table cell contains 'Mukesh'.</msg>
<status status="PASS" starttime="20220414 13:33:22.984" endtime="20220414 13:33:23.068"/>
</kw>
<kw name="Table Header Should Contain" library="SeleniumLibrary">
<arg>xpath://*[@id="HTML1"]/div[1]/table</arg>
<arg>BookName</arg>
<doc>Verifies table header contains text ``expected``.</doc>
<status status="PASS" starttime="20220414 13:33:23.069" endtime="20220414 13:33:23.122"/>
</kw>
<kw name="Close Browser" library="SeleniumLibrary">
<doc>Closes the current browser.</doc>
<status status="PASS" starttime="20220414 13:33:23.122" endtime="20220414 13:33:25.917"/>
</kw>
<status status="PASS" starttime="20220414 13:33:15.373" endtime="20220414 13:33:25.917"/>
</test>
<status status="PASS" starttime="20220414 13:33:15.141" endtime="20220414 13:33:25.917"/>
</suite>
<status status="PASS" starttime="20220414 13:33:15.119" endtime="20220414 13:33:25.920"/>
</suite>
<statistics>
<total>
<stat pass="1" fail="0" skip="0">All Tests</stat>
</total>
<tag>
</tag>
<suite>
<stat pass="1" fail="0" skip="0" id="s1" name="Suites">Suites</stat>
<stat pass="1" fail="0" skip="0" id="s1-s1" name="TableDemo">Suites.TableDemo</stat>
</suite>
</statistics>
<errors>
</errors>
</robot>
