<?xml version="1.0" encoding="UTF-8"?>
<robot generator="Rebot 5.0 (Python 3.10.4 on win32)" generated="20220414 13:33:34.615" rpa="false" schemaversion="3">
<suite id="s1" name="Suites">
<suite id="s1-s1" name="TabbedWindows" source="C:\Users\EGNUASN\PycharmProjects\RobotFramework\TestCases\TabbedWindows.robot">
<test id="s1-s1-t1" name="TabbedWindowsTest" line="5">
<kw name="Open Browser" library="SeleniumLibrary">
<arg>http://demo.automationtesting.in/Windows.html</arg>
<arg>chrome</arg>
<doc>Opens a new browser instance to the optional ``url``.</doc>
<msg timestamp="20220414 13:33:15.373" level="INFO">Opening browser 'chrome' to base url 'http://demo.automationtesting.in/Windows.html'.</msg>
<status status="PASS" starttime="20220414 13:33:15.373" endtime="20220414 13:33:26.323"/>
</kw>
<kw name="Click Button" library="SeleniumLibrary">
<arg>xpath://*[@id="Tabbed"]/a/button</arg>
<doc>Clicks the button identified by ``locator``.</doc>
<msg timestamp="20220414 13:33:26.326" level="INFO">Clicking button 'xpath://*[@id="Tabbed"]/a/button'.</msg>
<status status="PASS" starttime="20220414 13:33:26.323" endtime="20220414 13:33:26.473"/>
</kw>
<kw name="Switch Window" library="SeleniumLibrary">
<arg>title=Selenium</arg>
<doc>Switches to browser window matching ``locator``.</doc>
<status status="PASS" starttime="20220414 13:33:26.474" endtime="20220414 13:33:28.047"/>
</kw>
<kw name="Click Element" library="SeleniumLibrary">
<arg>xpath://*[@id="main_navbar"]/ul/li[4]/a</arg>
<doc>Click the element identified by ``locator``.</doc>
<msg timestamp="20220414 13:33:28.049" level="INFO">Clicking element 'xpath://*[@id="main_navbar"]/ul/li[4]/a'.</msg>
<status status="PASS" starttime="20220414 13:33:28.048" endtime="20220414 13:33:28.624"/>
</kw>
<kw name="Sleep" library="BuiltIn">
<arg>3</arg>
<doc>Pauses the test executed for the given time.</doc>
<msg timestamp="20220414 13:33:31.639" level="INFO">Slept 3 seconds</msg>
<status status="PASS" starttime="20220414 13:33:28.624" endtime="20220414 13:33:31.639"/>
</kw>
<kw name="Close All Browsers" library="SeleniumLibrary">
<doc>Closes all open browsers and resets the browser cache.</doc>
<status status="PASS" starttime="20220414 13:33:31.639" endtime="20220414 13:33:34.351"/>
</kw>
<status status="PASS" starttime="20220414 13:33:15.373" endtime="20220414 13:33:34.351"/>
</test>
<status status="PASS" starttime="20220414 13:33:15.141" endtime="20220414 13:33:34.351"/>
</suite>
<suite id="s1-s2" name="TableDemo" source="C:\Users\EGNUASN\PycharmProjects\RobotFramework\TestCases\TableDemo.robot">
<test id="s1-s2-t1" name="TableValidations" line="5">
<kw name="Open Browser" library="SeleniumLibrary">
<arg>https://testautomationpractice.blogspot.com/</arg>
<arg>chrome</arg>
<doc>Opens a new browser instance to the optional ``url``.</doc>
<msg timestamp="20220414 13:33:15.373" level="INFO">Opening browser 'chrome' to base url 'https://testautomationpractice.blogspot.com/'.</msg>
<status status="PASS" starttime="20220414 13:33:15.373" endtime="20220414 13:33:22.305"/>
</kw>
<kw name="Maximize Browser Window" library="SeleniumLibrary">
<doc>Maximizes current browser window.</doc>
<status status="PASS" starttime="20220414 13:33:22.305" endtime="20220414 13:33:22.654"/>
</kw>
<kw name="Get Element Count" library="SeleniumLibrary">
<var>${rows}</var>
<arg>xpath://*[@id="HTML1"]/div[1]/table/tbody/tr</arg>
<doc>Returns the number of elements matching ``locator``.</doc>
<msg timestamp="20220414 13:33:22.687" level="INFO">${rows} = 7</msg>
<status status="PASS" starttime="20220414 13:33:22.654" endtime="20220414 13:33:22.687"/>
</kw>
<kw name="Get Element Count" library="SeleniumLibrary">
<var>${cols}</var>
<arg>xpath://*[@id="HTML1"]/div[1]/table/tbody/tr[1]/th</arg>
<doc>Returns the number of elements matching ``locator``.</doc>
<msg timestamp="20220414 13:33:22.713" level="INFO">${cols} = 4</msg>
<status status="PASS" starttime="20220414 13:33:22.688" endtime="20220414 13:33:22.713"/>
</kw>
<kw name="Log To Console" library="BuiltIn">
<arg>${rows}</arg>
<doc>Logs the given message to the console.</doc>
<status status="PASS" starttime="20220414 13:33:22.714" endtime="20220414 13:33:22.715"/>
</kw>
<kw name="Log To Console" library="BuiltIn">
<arg>${cols}</arg>
<doc>Logs the given message to the console.</doc>
<status status="PASS" starttime="20220414 13:33:22.715" endtime="20220414 13:33:22.716"/>
</kw>
<kw name="Get Text" library="SeleniumLibrary">
<var>${data}</var>
<arg>xpath://*[@id="HTML1"]/div[1]/table/tbody/tr[5]/td[1]</arg>
<doc>Returns the text value of the element identified by ``locator``.</doc>
<msg timestamp="20220414 13:33:22.805" level="INFO">${data} = Master In Selenium</msg>
<status status="PASS" starttime="20220414 13:33:22.717" endtime="20220414 13:33:22.806"/>
</kw>
<kw name="Log To Console" library="BuiltIn">
<arg>${data}</arg>
<doc>Logs the given message to the console.</doc>
<status status="PASS" starttime="20220414 13:33:22.806" endtime="20220414 13:33:22.808"/>
</kw>
<kw name="Table Column Should Contain" library="SeleniumLibrary">
<arg>xpath://*[@id="HTML1"]/div[1]/table</arg>
<arg>2</arg>
<arg>Author</arg>
<doc>Verifies table column contains text ``expected``.</doc>
<status status="PASS" starttime="20220414 13:33:22.809" endtime="20220414 13:33:22.908"/>
</kw>
<kw name="Table Row Should Contain" library="SeleniumLibrary">
<arg>xpath://*[@id="HTML1"]/div[1]/table</arg>
<arg>4</arg>
<arg>Learn JS</arg>
<doc>Verifies that table row contains text ``expected``.</doc>
<status status="PASS" starttime="20220414 13:33:22.908" endtime="20220414 13:33:22.984"/>
</kw>
<kw name="Table Cell Should Contain" library="SeleniumLibrary">
<arg>xpath://*[@id="HTML1"]/div[1]/table</arg>
<arg>5</arg>
<arg>2</arg>
<arg>Mukesh</arg>
<doc>Verifies table cell contains text ``expected``.</doc>
<msg timestamp="20220414 13:33:23.068" level="INFO">Table cell contains 'Mukesh'.</msg>
<status status="PASS" starttime="20220414 13:33:22.984" endtime="20220414 13:33:23.068"/>
</kw>
<kw name="Table Header Should Contain" library="SeleniumLibrary">
<arg>xpath://*[@id="HTML1"]/div[1]/table</arg>
<arg>BookName</arg>
<doc>Verifies table header contains text ``expected``.</doc>
<status status="PASS" starttime="20220414 13:33:23.069" endtime="20220414 13:33:23.122"/>
</kw>
<kw name="Close Browser" library="SeleniumLibrary">
<doc>Closes the current browser.</doc>
<status status="PASS" starttime="20220414 13:33:23.122" endtime="20220414 13:33:25.917"/>
</kw>
<status status="PASS" starttime="20220414 13:33:15.373" endtime="20220414 13:33:25.917"/>
</test>
<status status="PASS" starttime="20220414 13:33:15.141" endtime="20220414 13:33:25.917"/>
</suite>
<suite id="s1-s3" name="Tagging" source="C:\Users\EGNUASN\PycharmProjects\RobotFramework\TestCases\Tagging.robot">
<test id="s1-s3-t1" name="TC1 User RegistrationTest" line="6">
<kw name="Log To Console" library="BuiltIn">
<arg>This is user reg test</arg>
<doc>Logs the given message to the console.</doc>
<status status="PASS" starttime="20220414 13:33:27.084" endtime="20220414 13:33:27.084"/>
</kw>
<kw name="Log To Console" library="BuiltIn">
<arg>user registration test is over</arg>
<doc>Logs the given message to the console.</doc>
<status status="PASS" starttime="20220414 13:33:27.084" endtime="20220414 13:33:27.085"/>
</kw>
<tag>regression</tag>
<status status="PASS" starttime="20220414 13:33:27.083" endtime="20220414 13:33:27.085"/>
</test>
<test id="s1-s3-t2" name="TC2 LoginTest" line="10">
<kw name="Log To Console" library="BuiltIn">
<arg>This is Login test</arg>
<doc>Logs the given message to the console.</doc>
<status status="PASS" starttime="20220414 13:33:27.086" endtime="20220414 13:33:27.086"/>
</kw>
<kw name="Log To Console" library="BuiltIn">
<arg>Login test is over</arg>
<doc>Logs the given message to the console.</doc>
<status status="PASS" starttime="20220414 13:33:27.086" endtime="20220414 13:33:27.087"/>
</kw>
<tag>sanity</tag>
<status status="PASS" starttime="20220414 13:33:27.085" endtime="20220414 13:33:27.087"/>
</test>
<test id="s1-s3-t3" name="TC3 Change user settings" line="14">
<kw name="Log To Console" library="BuiltIn">
<arg>This is changing user settings test</arg>
<doc>Logs the given message to the console.</doc>
<status status="PASS" starttime="20220414 13:33:27.088" endtime="20220414 13:33:27.088"/>
</kw>
<kw name="Log To Console" library="BuiltIn">
<arg>Changing user test is over</arg>
<doc>Logs the given message to the console.</doc>
<status status="PASS" starttime="20220414 13:33:27.088" endtime="20220414 13:33:27.088"/>
</kw>
<tag>regression</tag>
<status status="PASS" starttime="20220414 13:33:27.087" endtime="20220414 13:33:27.089"/>
</test>
<test id="s1-s3-t4" name="TC4 Logout test" line="18">
<kw name="Log To Console" library="BuiltIn">
<arg>This is logout test</arg>
<doc>Logs the given message to the console.</doc>
<status status="PASS" starttime="20220414 13:33:27.090" endtime="20220414 13:33:27.090"/>
</kw>
<kw name="Log To Console" library="BuiltIn">
<arg>Logout test is over</arg>
<doc>Logs the given message to the console.</doc>
<status status="PASS" starttime="20220414 13:33:27.090" endtime="20220414 13:33:27.090"/>
</kw>
<tag>sanity</tag>
<status status="PASS" starttime="20220414 13:33:27.089" endtime="20220414 13:33:27.091"/>
</test>
<status status="PASS" starttime="20220414 13:33:27.078" endtime="20220414 13:33:27.091"/>
</suite>
<doc>[https://pabot.org/?ref=log|Pabot] result from 3 executions.</doc>
<status status="PASS" starttime="20220414 13:33:15.119" endtime="20220414 13:33:34.351"/>
</suite>
<statistics>
<total>
<stat pass="6" fail="0" skip="0">All Tests</stat>
</total>
<tag>
<stat pass="2" fail="0" skip="0">regression</stat>
<stat pass="2" fail="0" skip="0">sanity</stat>
</tag>
<suite>
<stat pass="6" fail="0" skip="0" id="s1" name="Suites">Suites</stat>
<stat pass="1" fail="0" skip="0" id="s1-s1" name="TabbedWindows">Suites.TabbedWindows</stat>
<stat pass="1" fail="0" skip="0" id="s1-s2" name="TableDemo">Suites.TableDemo</stat>
<stat pass="4" fail="0" skip="0" id="s1-s3" name="Tagging">Suites.Tagging</stat>
</suite>
</statistics>
<errors>
</errors>
</robot>
