<?xml version="1.0" encoding="UTF-8"?>
<robot generator="Robot 5.0 (Python 3.10.4 on win32)" generated="20220414 14:01:29.559" rpa="false" schemaversion="3">
<suite id="s1" name="Suites">
<suite id="s1-s1" name="TabbedWindows" source="C:\Users\EGNUASN\PycharmProjects\RobotFramework\TestCases\TabbedWindows.robot">
<test id="s1-s1-t1" name="TabbedWindowsTest" line="5">
<kw name="Open Browser" library="SeleniumLibrary">
<arg>http://demo.automationtesting.in/Windows.html</arg>
<arg>chrome</arg>
<doc>Opens a new browser instance to the optional ``url``.</doc>
<msg timestamp="20220414 14:01:29.966" level="INFO">Opening browser 'chrome' to base url 'http://demo.automationtesting.in/Windows.html'.</msg>
<status status="PASS" starttime="20220414 14:01:29.965" endtime="20220414 14:01:37.784"/>
</kw>
<kw name="Click Button" library="SeleniumLibrary">
<arg>xpath://*[@id="Tabbed"]/a/button</arg>
<doc>Clicks the button identified by ``locator``.</doc>
<msg timestamp="20220414 14:01:37.786" level="INFO">Clicking button 'xpath://*[@id="Tabbed"]/a/button'.</msg>
<status status="PASS" starttime="20220414 14:01:37.785" endtime="20220414 14:01:38.125"/>
</kw>
<kw name="Switch Window" library="SeleniumLibrary">
<arg>title=Selenium</arg>
<doc>Switches to browser window matching ``locator``.</doc>
<status status="PASS" starttime="20220414 14:01:38.126" endtime="20220414 14:01:39.858"/>
</kw>
<kw name="Click Element" library="SeleniumLibrary">
<arg>xpath://*[@id="main_navbar"]/ul/li[4]/a</arg>
<doc>Click the element identified by ``locator``.</doc>
<msg timestamp="20220414 14:01:39.859" level="INFO">Clicking element 'xpath://*[@id="main_navbar"]/ul/li[4]/a'.</msg>
<status status="PASS" starttime="20220414 14:01:39.858" endtime="20220414 14:01:40.377"/>
</kw>
<kw name="Sleep" library="BuiltIn">
<arg>3</arg>
<doc>Pauses the test executed for the given time.</doc>
<msg timestamp="20220414 14:01:43.390" level="INFO">Slept 3 seconds</msg>
<status status="PASS" starttime="20220414 14:01:40.377" endtime="20220414 14:01:43.390"/>
</kw>
<kw name="Close All Browsers" library="SeleniumLibrary">
<doc>Closes all open browsers and resets the browser cache.</doc>
<status status="PASS" starttime="20220414 14:01:43.390" endtime="20220414 14:01:46.132"/>
</kw>
<status status="PASS" starttime="20220414 14:01:29.964" endtime="20220414 14:01:46.133"/>
</test>
<status status="PASS" starttime="20220414 14:01:29.590" endtime="20220414 14:01:46.134"/>
</suite>
<status status="PASS" starttime="20220414 14:01:29.575" endtime="20220414 14:01:46.136"/>
</suite>
<statistics>
<total>
<stat pass="1" fail="0" skip="0">All Tests</stat>
</total>
<tag>
</tag>
<suite>
<stat pass="1" fail="0" skip="0" id="s1" name="Suites">Suites</stat>
<stat pass="1" fail="0" skip="0" id="s1-s1" name="TabbedWindows">Suites.TabbedWindows</stat>
</suite>
</statistics>
<errors>
</errors>
</robot>
