<?xml version="1.0" encoding="UTF-8"?>
<robot generator="Robot 5.0 (Python 3.10.4 on win32)" generated="20220414 13:33:15.119" rpa="false" schemaversion="3">
<suite id="s1" name="Suites">
<suite id="s1-s1" name="TabbedWindows" source="C:\Users\EGNUASN\PycharmProjects\RobotFramework\TestCases\TabbedWindows.robot">
<test id="s1-s1-t1" name="TabbedWindowsTest" line="5">
<kw name="Open Browser" library="SeleniumLibrary">
<arg>http://demo.automationtesting.in/Windows.html</arg>
<arg>chrome</arg>
<doc>Opens a new browser instance to the optional ``url``.</doc>
<msg timestamp="20220414 13:33:15.373" level="INFO">Opening browser 'chrome' to base url 'http://demo.automationtesting.in/Windows.html'.</msg>
<status status="PASS" starttime="20220414 13:33:15.373" endtime="20220414 13:33:26.323"/>
</kw>
<kw name="Click Button" library="SeleniumLibrary">
<arg>xpath://*[@id="Tabbed"]/a/button</arg>
<doc>Clicks the button identified by ``locator``.</doc>
<msg timestamp="20220414 13:33:26.326" level="INFO">Clicking button 'xpath://*[@id="Tabbed"]/a/button'.</msg>
<status status="PASS" starttime="20220414 13:33:26.323" endtime="20220414 13:33:26.473"/>
</kw>
<kw name="Switch Window" library="SeleniumLibrary">
<arg>title=Selenium</arg>
<doc>Switches to browser window matching ``locator``.</doc>
<status status="PASS" starttime="20220414 13:33:26.474" endtime="20220414 13:33:28.047"/>
</kw>
<kw name="Click Element" library="SeleniumLibrary">
<arg>xpath://*[@id="main_navbar"]/ul/li[4]/a</arg>
<doc>Click the element identified by ``locator``.</doc>
<msg timestamp="20220414 13:33:28.049" level="INFO">Clicking element 'xpath://*[@id="main_navbar"]/ul/li[4]/a'.</msg>
<status status="PASS" starttime="20220414 13:33:28.048" endtime="20220414 13:33:28.624"/>
</kw>
<kw name="Sleep" library="BuiltIn">
<arg>3</arg>
<doc>Pauses the test executed for the given time.</doc>
<msg timestamp="20220414 13:33:31.639" level="INFO">Slept 3 seconds</msg>
<status status="PASS" starttime="20220414 13:33:28.624" endtime="20220414 13:33:31.639"/>
</kw>
<kw name="Close All Browsers" library="SeleniumLibrary">
<doc>Closes all open browsers and resets the browser cache.</doc>
<status status="PASS" starttime="20220414 13:33:31.639" endtime="20220414 13:33:34.351"/>
</kw>
<status status="PASS" starttime="20220414 13:33:15.373" endtime="20220414 13:33:34.351"/>
</test>
<status status="PASS" starttime="20220414 13:33:15.141" endtime="20220414 13:33:34.351"/>
</suite>
<status status="PASS" starttime="20220414 13:33:15.119" endtime="20220414 13:33:34.351"/>
</suite>
<statistics>
<total>
<stat pass="1" fail="0" skip="0">All Tests</stat>
</total>
<tag>
</tag>
<suite>
<stat pass="1" fail="0" skip="0" id="s1" name="Suites">Suites</stat>
<stat pass="1" fail="0" skip="0" id="s1-s1" name="TabbedWindows">Suites.TabbedWindows</stat>
</suite>
</statistics>
<errors>
</errors>
</robot>
